#
# A fatal error has been detected by the Java Runtime Environment:
#
#  EXCEPTION_ACCESS_VIOLATION (0xc0000005) at pc=0x6b58ec5b, pid=7576, tid=16200
#
# JRE version: Java(TM) SE Runtime Environment (7.0_71-b14) (build 1.7.0_71-b14)
# Java VM: Java HotSpot(TM) Client VM (24.71-b01 mixed mode windows-x86 )
# Problematic frame:
# V  [jvm.dll+0xdec5b]
#
# Failed to write core dump. Minidumps are not enabled by default on client versions of Windows
#
# If you would like to submit a bug report, please visit:
#   http://bugreport.sun.com/bugreport/crash.jsp
#

---------------  T H R E A D  ---------------

Current thread (0x191dc000):  JavaThread "JDWP Transport Listener: dt_socket" daemon [_thread_in_vm, id=16200, stack(0x19510000,0x19560000)]

siginfo: ExceptionCode=0xc0000005, reading address 0x003b7200

Registers:
EAX=0x003b7200, EBX=0x00000000, ECX=0x003b7200, EDX=0x00000000
ESP=0x1955f824, EBP=0x1955f828, ESI=0x01177b98, EDI=0x1955f908
EIP=0x6b58ec5b, EFLAGS=0x00010206

Top of Stack: (sp=0x1955f824)
0x1955f824:   01177b98 1955f850 6b6c174a 003b7200
0x1955f834:   1955f88b 191dc000 00000000 00000000
0x1955f844:   00000000 191dc000 191dc000 1955f88c
0x1955f854:   6d319d8d 01177b98 003b7200 1955f88b
0x1955f864:   003b7200 6d30436d 003b7200 1955f88b
0x1955f874:   0000000b 00000000 00000000 0000000a
0x1955f884:   00000000 001ef94c 1955f8ac 6d3044e0
0x1955f894:   00000001 1955f8c8 1955f904 19898778 

Instructions: (pc=0x6b58ec5b)
0x6b58ec3b:   89 4f 04 8b 56 0c 89 57 08 8b 46 10 89 47 0c 5f
0x6b58ec4b:   5e 5d c2 0c 00 55 8b ec 8b 45 08 56 85 c0 74 28
0x6b58ec5b:   8b 30 85 f6 74 22 81 fe fe fe fe fe 74 1a 8b 4e
0x6b58ec6b:   04 8b 41 08 8b 90 94 00 00 00 83 c1 08 ff d2 84 


Register to memory mapping:

EAX=0x003b7200 is an unknown value
EBX=0x00000000 is an unknown value
ECX=0x003b7200 is an unknown value
EDX=0x00000000 is an unknown value
ESP=0x1955f824 is pointing into the stack for thread: 0x191dc000
EBP=0x1955f828 is pointing into the stack for thread: 0x191dc000
ESI=0x01177b98 is an unknown value
EDI=0x1955f908 is pointing into the stack for thread: 0x191dc000


Stack: [0x19510000,0x19560000],  sp=0x1955f824,  free space=318k
Native frames: (J=compiled Java code, j=interpreted, Vv=VM code, C=native code)
V  [jvm.dll+0xdec5b]
V  [jvm.dll+0x21174a]
C  [jdwp.dll+0x19d8d]
C  [jdwp.dll+0x44e0]
C  [jdwp.dll+0x451e]


---------------  P R O C E S S  ---------------

Java Threads: ( => current thread )
  0x191f7000 JavaThread "Service Thread" daemon [_thread_blocked, id=7356, stack(0x19760000,0x197b0000)]
  0x191f6800 JavaThread "C1 CompilerThread0" daemon [_thread_blocked, id=12864, stack(0x196d0000,0x19720000)]
  0x191eb000 JavaThread "JDWP Command Reader" daemon [_thread_in_native, id=4580, stack(0x19640000,0x19690000)]
  0x191e6000 JavaThread "JDWP Event Helper Thread" daemon [_thread_blocked, id=14360, stack(0x195f0000,0x19640000)]
=>0x191dc000 JavaThread "JDWP Transport Listener: dt_socket" daemon [_thread_in_vm, id=16200, stack(0x19510000,0x19560000)]
  0x191d5c00 JavaThread "Attach Listener" daemon [_thread_blocked, id=6292, stack(0x19480000,0x194d0000)]
  0x191d1400 JavaThread "Signal Dispatcher" daemon [_thread_blocked, id=10648, stack(0x193f0000,0x19440000)]
  0x02aaac00 JavaThread "Finalizer" daemon [_thread_blocked, id=11708, stack(0x19160000,0x191b0000)]
  0x02aa5c00 JavaThread "Reference Handler" daemon [_thread_blocked, id=10208, stack(0x190d0000,0x19120000)]
  0x0117d800 JavaThread "main" [_thread_blocked, id=16220, stack(0x011e0000,0x01230000)]

Other Threads:
  0x02aa2c00 VMThread [stack: 0x19040000,0x19090000] [id=10236]
  0x19209000 WatcherThread [stack: 0x197f0000,0x19840000] [id=5568]

VM state:not at safepoint (normal execution)

VM Mutex/Monitor currently owned by a thread: None

Heap
 def new generation   total 4928K, used 1570K [0x05000000, 0x05550000, 0x0a550000)
  eden space 4416K,  23% used [0x05000000, 0x05108ba8, 0x05450000)
  from space 512K, 100% used [0x054d0000, 0x05550000, 0x05550000)
  to   space 512K,   0% used [0x05450000, 0x05450000, 0x054d0000)
 tenured generation   total 10944K, used 421K [0x0a550000, 0x0b000000, 0x15000000)
   the space 10944K,   3% used [0x0a550000, 0x0a5b95e0, 0x0a5b9600, 0x0b000000)
 compacting perm gen  total 12288K, used 2910K [0x15000000, 0x15c00000, 0x19000000)
   the space 12288K,  23% used [0x15000000, 0x152d79e0, 0x152d7a00, 0x15c00000)
No shared spaces configured.

Card table byte_map: [0x04e90000,0x04f40000] byte_map_base: 0x04e68000

Polling page: 0x00f60000

Code Cache  [0x02e10000, 0x02ed8000, 0x04e10000)
 total_blobs=217 nmethods=75 adapters=87 free_code_cache=31988Kb largest_free_block=32756032

Compilation events (10 events):
Event: 0.491 Thread 0x191f6800   71             java.lang.reflect.Method::getDeclaringClass (5 bytes)
Event: 0.491 Thread 0x191f6800 nmethod 71 0x02ed2008 code [0x02ed2100, 0x02ed2180]
Event: 0.492 Thread 0x191f6800   72             java.util.HashMap::indexFor (6 bytes)
Event: 0.492 Thread 0x191f6800 nmethod 72 0x02ed21c8 code [0x02ed22c0, 0x02ed2330]
Event: 0.492 Thread 0x191f6800   73             java.lang.reflect.Method::getName (5 bytes)
Event: 0.492 Thread 0x191f6800 nmethod 73 0x02ed2388 code [0x02ed2480, 0x02ed2500]
Event: 0.492 Thread 0x191f6800   74             java.lang.Class$MethodArray::addIfNotPresent (47 bytes)
Event: 0.493 Thread 0x191f6800 nmethod 74 0x02ed2548 code [0x02ed2660, 0x02ed2798]
Event: 0.493 Thread 0x191f6800   75             java.lang.reflect.Method::equals (107 bytes)
Event: 0.493 Thread 0x191f6800 nmethod 75 0x02ed2908 code [0x02ed2a10, 0x02ed2bd0]

GC Heap History (2 events):
Event: 0.416 GC heap before
{Heap before GC invocations=0 (full 0):
 def new generation   total 4928K, used 4416K [0x05000000, 0x05550000, 0x0a550000)
  eden space 4416K, 100% used [0x05000000, 0x05450000, 0x05450000)
  from space 512K,   0% used [0x05450000, 0x05450000, 0x054d0000)
  to   space 512K,   0% used [0x054d0000, 0x054d0000, 0x05550000)
 tenured generation   total 10944K, used 0K [0x0a550000, 0x0b000000, 0x15000000)
   the space 10944K,   0% used [0x0a550000, 0x0a550000, 0x0a550200, 0x0b000000)
 compacting perm gen  total 12288K, used 2157K [0x15000000, 0x15c00000, 0x19000000)
   the space 12288K,  17% used [0x15000000, 0x1521b6c0, 0x1521b800, 0x15c00000)
No shared spaces configured.
Event: 0.424 GC heap after
Heap after GC invocations=1 (full 0):
 def new generation   total 4928K, used 512K [0x05000000, 0x05550000, 0x0a550000)
  eden space 4416K,   0% used [0x05000000, 0x05000000, 0x05450000)
  from space 512K, 100% used [0x054d0000, 0x05550000, 0x05550000)
  to   space 512K,   0% used [0x05450000, 0x05450000, 0x054d0000)
 tenured generation   total 10944K, used 421K [0x0a550000, 0x0b000000, 0x15000000)
   the space 10944K,   3% used [0x0a550000, 0x0a5b95e0, 0x0a5b9600, 0x0b000000)
 compacting perm gen  total 12288K, used 2157K [0x15000000, 0x15c00000, 0x19000000)
   the space 12288K,  17% used [0x15000000, 0x1521b6c0, 0x1521b800, 0x15c00000)
No shared spaces configured.
}

Deoptimization events (0 events):
No events

Internal exceptions (10 events):
Event: 0.497 Thread 0x0117d800 Threw 0x050d0438 at C:\re\jdk7u71\1605\hotspot\src\share\vm\prims\jvm.cpp:1281
Event: 0.498 Thread 0x0117d800 Threw 0x050d4da8 at C:\re\jdk7u71\1605\hotspot\src\share\vm\prims\jvm.cpp:1281
Event: 0.500 Thread 0x0117d800 Threw 0x050d9d10 at C:\re\jdk7u71\1605\hotspot\src\share\vm\prims\jvm.cpp:1281
Event: 0.500 Thread 0x0117d800 Threw 0x050ddf80 at C:\re\jdk7u71\1605\hotspot\src\share\vm\prims\jvm.cpp:1281
Event: 0.501 Thread 0x0117d800 Threw 0x050e20d8 at C:\re\jdk7u71\1605\hotspot\src\share\vm\prims\jvm.cpp:1281
Event: 0.502 Thread 0x0117d800 Threw 0x050e75f0 at C:\re\jdk7u71\1605\hotspot\src\share\vm\prims\jvm.cpp:1281
Event: 0.502 Thread 0x0117d800 Threw 0x050e9508 at C:\re\jdk7u71\1605\hotspot\src\share\vm\prims\jvm.cpp:1281
Event: 0.506 Thread 0x0117d800 Threw 0x050f1198 at C:\re\jdk7u71\1605\hotspot\src\share\vm\prims\jvm.cpp:1281
Event: 0.507 Thread 0x0117d800 Threw 0x050f6368 at C:\re\jdk7u71\1605\hotspot\src\share\vm\prims\nativeLookup.cpp:378
Event: 0.508 Thread 0x0117d800 Threw 0x050f6738 at C:\re\jdk7u71\1605\hotspot\src\share\vm\prims\nativeLookup.cpp:378

Events (10 events):
Event: 0.506 loading class 0x198aded0
Event: 0.506 loading class 0x198aded0 done
Event: 4.266 Executing VM operation: EnableBiasedLocking
Event: 4.266 Executing VM operation: EnableBiasedLocking done
Event: 291.475 Executing VM operation: RedefineClasses
Event: 291.475 Executing VM operation: RedefineClasses done
Event: 311.709 Executing VM operation: RedefineClasses
Event: 311.710 Executing VM operation: RedefineClasses done
Event: 343.415 Executing VM operation: RedefineClasses
Event: 343.415 Executing VM operation: RedefineClasses done


Dynamic libraries:
0x01260000 - 0x0128f000 	C:\Program Files (x86)\Java\jre7\bin\javaw.exe
0x77800000 - 0x7797b000 	C:\WINDOWS\SYSTEM32\ntdll.dll
0x75e60000 - 0x75f40000 	C:\WINDOWS\SYSTEM32\KERNEL32.DLL
0x76e10000 - 0x76f8e000 	C:\WINDOWS\SYSTEM32\KERNELBASE.dll
0x775c0000 - 0x7763b000 	C:\WINDOWS\SYSTEM32\ADVAPI32.dll
0x762a0000 - 0x7635e000 	C:\WINDOWS\SYSTEM32\msvcrt.dll
0x77700000 - 0x77744000 	C:\WINDOWS\SYSTEM32\sechost.dll
0x77750000 - 0x777fd000 	C:\WINDOWS\SYSTEM32\RPCRT4.dll
0x74320000 - 0x7433e000 	C:\WINDOWS\SYSTEM32\SspiCli.dll
0x74310000 - 0x7431a000 	C:\WINDOWS\SYSTEM32\CRYPTBASE.dll
0x76db0000 - 0x76e08000 	C:\WINDOWS\SYSTEM32\bcryptPrimitives.dll
0x77420000 - 0x77567000 	C:\WINDOWS\SYSTEM32\USER32.dll
0x76af0000 - 0x76c3f000 	C:\WINDOWS\SYSTEM32\GDI32.dll
0x6f6a0000 - 0x6f8af000 	C:\WINDOWS\WinSxS\x86_microsoft.windows.common-controls_6595b64144ccf1df_6.0.10586.494_none_ea85e725b9ba5a4b\COMCTL32.dll
0x75f40000 - 0x760fd000 	C:\WINDOWS\SYSTEM32\combase.dll
0x76650000 - 0x7667b000 	C:\WINDOWS\SYSTEM32\IMM32.DLL
0x78540000 - 0x785ff000 	C:\Program Files (x86)\Java\jre7\bin\msvcr100.dll
0x6b4b0000 - 0x6b839000 	C:\Program Files (x86)\Java\jre7\bin\client\jvm.dll
0x76680000 - 0x766a4000 	C:\WINDOWS\SYSTEM32\WINMM.dll
0x77670000 - 0x77693000 	C:\WINDOWS\SYSTEM32\WINMMBASE.dll
0x743a0000 - 0x743d7000 	C:\WINDOWS\SYSTEM32\cfgmgr32.dll
0x6dd80000 - 0x6dd88000 	C:\WINDOWS\SYSTEM32\WSOCK32.dll
0x77650000 - 0x77656000 	C:\WINDOWS\SYSTEM32\PSAPI.DLL
0x74340000 - 0x7439f000 	C:\WINDOWS\SYSTEM32\WS2_32.dll
0x6b4a0000 - 0x6b4ac000 	C:\Program Files (x86)\Java\jre7\bin\verify.dll
0x6b480000 - 0x6b4a0000 	C:\Program Files (x86)\Java\jre7\bin\java.dll
0x6d300000 - 0x6d32a000 	C:\Program Files (x86)\Java\jre7\bin\jdwp.dll
0x779c0000 - 0x779c7000 	C:\Program Files (x86)\Java\jre7\bin\npt.dll
0x6b460000 - 0x6b473000 	C:\Program Files (x86)\Java\jre7\bin\zip.dll
0x779b0000 - 0x779b8000 	C:\Program Files (x86)\Java\jre7\bin\dt_socket.dll
0x73880000 - 0x73892000 	C:\WINDOWS\system32\napinsp.dll
0x73860000 - 0x73876000 	C:\WINDOWS\system32\pnrpnsp.dll
0x73840000 - 0x73854000 	C:\WINDOWS\system32\NLAapi.dll
0x737f0000 - 0x7383f000 	C:\WINDOWS\System32\mswsock.dll
0x73760000 - 0x737e4000 	C:\WINDOWS\SYSTEM32\DNSAPI.dll
0x77640000 - 0x77647000 	C:\WINDOWS\SYSTEM32\NSI.dll
0x73750000 - 0x7375b000 	C:\WINDOWS\System32\winrnr.dll
0x73720000 - 0x73741000 	C:\Program Files (x86)\Bonjour\mdnsNSP.dll
0x73eb0000 - 0x73edf000 	C:\WINDOWS\SYSTEM32\Iphlpapi.DLL
0x73700000 - 0x73711000 	C:\WINDOWS\System32\wshbth.dll
0x6e800000 - 0x6e847000 	C:\WINDOWS\System32\fwpuclnt.dll
0x73b20000 - 0x73b3b000 	C:\WINDOWS\SYSTEM32\bcrypt.dll
0x736f0000 - 0x736f8000 	C:\Windows\System32\rasadhlp.dll
0x6b440000 - 0x6b454000 	C:\Program Files (x86)\Java\jre7\bin\net.dll
0x6b430000 - 0x6b43f000 	C:\Program Files (x86)\Java\jre7\bin\nio.dll
0x72150000 - 0x7228f000 	C:\WINDOWS\SYSTEM32\dbghelp.dll

VM Arguments:
jvm_args: -agentlib:jdwp=transport=dt_socket,suspend=y,address=localhost:51783 -Dfile.encoding=UTF-8 
java_command: com.superbus.cok.tools.RuntimeTest
Launcher Type: SUN_STANDARD

Environment Variables:
JAVA_HOME=C:\Program Files (x86)\Java\jdk1.7.0_71
CLASSPATH=¡°.;C:\Program Files (x86)\Java\jdk1.7.0_71\lib;C:\Program Files (x86)\Java\jdk1.7.0_71\lib\tools.jar
PATH=C:/Program Files (x86)/Java/jre7/bin/client;C:/Program Files (x86)/Java/jre7/bin;C:/Program Files (x86)/Java/jre7/lib/i386;C:\Program Files (x86)\Common Files\NetSarang;C:\Program Files (x86)\Intel\iCLS Client\;C:\Program Files\Intel\iCLS Client\;C:\Windows\system32;C:\Windows;C:\Windows\System32\Wbem;C:\Windows\System32\WindowsPowerShell\v1.0\;C:\Program Files\Intel\Intel(R) Management Engine Components\DAL;C:\Program Files\Intel\Intel(R) Management Engine Components\IPT;C:\Program Files (x86)\Intel\Intel(R) Management Engine Components\DAL;C:\Program Files (x86)\Intel\Intel(R) Management Engine Components\IPT¡°;C:\Program Files (x86)\Java\jdk1.7.0_71\bin;C:\Program Files (x86)\Java\jdk1.7.0_71\jre\bin;C:\Program Files\Intel\WiFi\bin\;C:\Program Files\Common Files\Intel\WirelessCommon\;C:\Program Files\Common Files\Autodesk Shared\;C:\Program Files (x86)\Autodesk\Backburner\;C:\WINDOWS\system32;C:\WINDOWS;C:\WINDOWS\System32\Wbem;C:\WINDOWS\System32\WindowsPowerShell\v1.0\;C:\Program Files (x86)\Java\jdk1.7.0_71\bin;C:\windows\system32;C:\windows;C:\windows\System32\Wbem;D:\Android\Node.js\;C:\Program Files\UltraEdit;C:\Program Files (x86)\NVIDIA Corporation\PhysX\Common;C:\Program Files\Intel\WiFi\bin\;C:\Program Files\Common Files\Intel\WirelessCommon\;C:\Users\user\AppData\Roaming\npm;E:\eclipse_designer;
USERNAME=user
OS=Windows_NT
PROCESSOR_IDENTIFIER=Intel64 Family 6 Model 60 Stepping 3, GenuineIntel



---------------  S Y S T E M  ---------------

OS: Windows 8.1 , 64 bit Build 9600 

CPU:total 8 (4 cores per cpu, 2 threads per core) family 6 model 60 stepping 3, cmov, cx8, fxsr, mmx, sse, sse2, sse3, ssse3, sse4.1, sse4.2, popcnt, avx, avx2, aes, erms, ht, tsc, tscinvbit

Memory: 4k page, physical 8275004k(1454644k free), swap 13863936k(5528272k free)

vm_info: Java HotSpot(TM) Client VM (24.71-b01) for windows-x86 JRE (1.7.0_71-b14), built on Sep 26 2014 16:30:49 by "java_re" with unknown MS VC++:1600

time: Sun Jul 31 21:18:21 2016
elapsed time: 343 seconds

