29 七月 2016 21:19:57,268  INFO main  Log:loadProperty - 11111111111111
29 七月 2016 22:13:36,849 DEBUG main  Log:loadProperty - 11111111111111
29 七月 2016 22:14:10,584 DEBUG main  Log:loadProperty - 11111111111111
31 七月 2016 21:12:38,883 DEBUG main  Sigar:debug - no sigar-x86-winnt.dll in java.library.path
org.hyperic.sigar.SigarException: no sigar-x86-winnt.dll in java.library.path
	at org.hyperic.sigar.Sigar.loadLibrary(Sigar.java:172)
	at org.hyperic.sigar.Sigar.<clinit>(Sigar.java:100)
	at com.superbus.cok.tools.RuntimeTest.cpu(RuntimeTest.java:143)
	at com.superbus.cok.tools.RuntimeTest.main(RuntimeTest.java:31)
31 七月 2016 21:18:33,194 DEBUG main  Sigar:debug - no sigar-x86-winnt.dll in java.library.path
org.hyperic.sigar.SigarException: no sigar-x86-winnt.dll in java.library.path
	at org.hyperic.sigar.Sigar.loadLibrary(Sigar.java:172)
	at org.hyperic.sigar.Sigar.<clinit>(Sigar.java:100)
	at com.superbus.cok.tools.RuntimeTest.cpu(RuntimeTest.java:143)
	at com.superbus.cok.tools.RuntimeTest.main(RuntimeTest.java:31)
31 七月 2016 21:22:42,388 DEBUG main  Sigar:debug - no sigar-x86-winnt.dll in java.library.path
org.hyperic.sigar.SigarException: no sigar-x86-winnt.dll in java.library.path
	at org.hyperic.sigar.Sigar.loadLibrary(Sigar.java:172)
	at org.hyperic.sigar.Sigar.<clinit>(Sigar.java:100)
	at com.superbus.cok.tools.RuntimeTest.getCpuTotal(RuntimeTest.java:25)
	at com.superbus.cok.tools.RuntimeTest.main(RuntimeTest.java:47)
17 十月 2016 22:56:10,062 DEBUG Thread-0  BasicClientConnectionManager:getConnection - Get connection for route {}->http://post.baibaoyun.com:80
17 十月 2016 22:56:10,393 DEBUG Thread-0  DefaultClientConnectionOperator:openConnection - Connecting to post.baibaoyun.com:80
17 十月 2016 22:56:10,467 DEBUG Thread-0  RequestAddCookies:process - CookieSpec selected: default
17 十月 2016 22:56:10,473 DEBUG Thread-0  RequestAuthCache:process - Auth cache not set in the context
17 十月 2016 22:56:10,474 DEBUG Thread-0  RequestTargetAuthentication:process - Target auth state: UNCHALLENGED
17 十月 2016 22:56:10,475 DEBUG Thread-0  RequestProxyAuthentication:process - Proxy auth state: UNCHALLENGED
17 十月 2016 22:56:10,475 DEBUG Thread-0  DefaultHttpClient:tryExecute - Attempt 1 to execute request
17 十月 2016 22:56:10,475 DEBUG Thread-0  DefaultClientConnection:sendRequestHeader - Sending request: POST /cloudapi/cloudappapi HTTP/1.1
17 十月 2016 22:56:10,476 DEBUG Thread-0  wire:wire -  >> "POST /cloudapi/cloudappapi HTTP/1.1[\r][\n]"
17 十月 2016 22:56:10,478 DEBUG Thread-0  wire:wire -  >> "Content-Length: 60[\r][\n]"
17 十月 2016 22:56:10,478 DEBUG Thread-0  wire:wire -  >> "Content-Type: application/x-www-form-urlencoded; charset=UTF-8[\r][\n]"
17 十月 2016 22:56:10,478 DEBUG Thread-0  wire:wire -  >> "Host: post.baibaoyun.com[\r][\n]"
17 十月 2016 22:56:10,478 DEBUG Thread-0  wire:wire -  >> "Connection: Keep-Alive[\r][\n]"
17 十月 2016 22:56:10,479 DEBUG Thread-0  wire:wire -  >> "User-Agent: Apache-HttpClient/4.5.2 (Java/1.7.0_71)[\r][\n]"
17 十月 2016 22:56:10,479 DEBUG Thread-0  wire:wire -  >> "[\r][\n]"
17 十月 2016 22:56:10,480 DEBUG Thread-0  headers:sendRequestHeader - >> POST /cloudapi/cloudappapi HTTP/1.1
17 十月 2016 22:56:10,480 DEBUG Thread-0  headers:sendRequestHeader - >> Content-Length: 60
17 十月 2016 22:56:10,480 DEBUG Thread-0  headers:sendRequestHeader - >> Content-Type: application/x-www-form-urlencoded; charset=UTF-8
17 十月 2016 22:56:10,481 DEBUG Thread-0  headers:sendRequestHeader - >> Host: post.baibaoyun.com
17 十月 2016 22:56:10,481 DEBUG Thread-0  headers:sendRequestHeader - >> Connection: Keep-Alive
17 十月 2016 22:56:10,481 DEBUG Thread-0  headers:sendRequestHeader - >> User-Agent: Apache-HttpClient/4.5.2 (Java/1.7.0_71)
17 十月 2016 22:56:10,482 DEBUG Thread-0  wire:wire -  >> "method=queryAccount&regcode=55A11A31E81A96EDD3D9E350974FFBA5"
17 十月 2016 22:56:10,720 DEBUG Thread-0  wire:wire -  << "HTTP/1.1 200 OK[\r][\n]"
17 十月 2016 22:56:10,723 DEBUG Thread-0  wire:wire -  << "Date: Mon, 17 Oct 2016 14:56:06 GMT[\r][\n]"
17 十月 2016 22:56:10,723 DEBUG Thread-0  wire:wire -  << "Server: Apache/2.4.10 (Unix) PHP/5.6.3[\r][\n]"
17 十月 2016 22:56:10,723 DEBUG Thread-0  wire:wire -  << "X-Powered-By: PHP/5.6.3[\r][\n]"
17 十月 2016 22:56:10,724 DEBUG Thread-0  wire:wire -  << "Content-Length: 50[\r][\n]"
17 十月 2016 22:56:10,724 DEBUG Thread-0  wire:wire -  << "Keep-Alive: timeout=5, max=100[\r][\n]"
17 十月 2016 22:56:10,724 DEBUG Thread-0  wire:wire -  << "Connection: Keep-Alive[\r][\n]"
17 十月 2016 22:56:10,725 DEBUG Thread-0  wire:wire -  << "Content-Type: text/html; charset=UTF-8[\r][\n]"
17 十月 2016 22:56:10,725 DEBUG Thread-0  wire:wire -  << "[\r][\n]"
17 十月 2016 22:56:10,726 DEBUG Thread-0  DefaultClientConnection:receiveResponseHeader - Receiving response: HTTP/1.1 200 OK
17 十月 2016 22:56:10,726 DEBUG Thread-0  headers:receiveResponseHeader - << HTTP/1.1 200 OK
17 十月 2016 22:56:10,726 DEBUG Thread-0  headers:receiveResponseHeader - << Date: Mon, 17 Oct 2016 14:56:06 GMT
17 十月 2016 22:56:10,727 DEBUG Thread-0  headers:receiveResponseHeader - << Server: Apache/2.4.10 (Unix) PHP/5.6.3
17 十月 2016 22:56:10,727 DEBUG Thread-0  headers:receiveResponseHeader - << X-Powered-By: PHP/5.6.3
17 十月 2016 22:56:10,727 DEBUG Thread-0  headers:receiveResponseHeader - << Content-Length: 50
17 十月 2016 22:56:10,727 DEBUG Thread-0  headers:receiveResponseHeader - << Keep-Alive: timeout=5, max=100
17 十月 2016 22:56:10,728 DEBUG Thread-0  headers:receiveResponseHeader - << Connection: Keep-Alive
17 十月 2016 22:56:10,728 DEBUG Thread-0  headers:receiveResponseHeader - << Content-Type: text/html; charset=UTF-8
17 十月 2016 22:56:10,736 DEBUG Thread-0  DefaultHttpClient:execute - Connection can be kept alive for 5000 MILLISECONDS
17 十月 2016 22:56:10,753 DEBUG Thread-0  wire:wire -  << "{"errCode":"-13","errMsg":"token[0xe4][0xb8][0xba][0xe7][0xa9][0xba]","data":""}"
17 十月 2016 22:56:10,754 DEBUG Thread-0  BasicClientConnectionManager:releaseConnection - Releasing connection org.apache.http.impl.conn.ManagedClientConnectionImpl@1596170
17 十月 2016 22:56:10,754 DEBUG Thread-0  BasicClientConnectionManager:releaseConnection - Connection can be kept alive for 5000 MILLISECONDS
17 十月 2016 22:57:25,912 DEBUG Thread-0  BasicClientConnectionManager:getConnection - Get connection for route {}->http://post.baibaoyun.com:80
17 十月 2016 22:57:25,979 DEBUG Thread-0  DefaultClientConnectionOperator:openConnection - Connecting to post.baibaoyun.com:80
17 十月 2016 22:57:26,043 DEBUG Thread-0  RequestAddCookies:process - CookieSpec selected: default
17 十月 2016 22:57:26,045 DEBUG Thread-0  RequestAuthCache:process - Auth cache not set in the context
17 十月 2016 22:57:26,046 DEBUG Thread-0  RequestTargetAuthentication:process - Target auth state: UNCHALLENGED
17 十月 2016 22:57:26,046 DEBUG Thread-0  RequestProxyAuthentication:process - Proxy auth state: UNCHALLENGED
17 十月 2016 22:57:26,047 DEBUG Thread-0  DefaultHttpClient:tryExecute - Attempt 1 to execute request
17 十月 2016 22:57:26,047 DEBUG Thread-0  DefaultClientConnection:sendRequestHeader - Sending request: POST /api/dc27b994292d83cda09a9695f7c719f5 HTTP/1.1
17 十月 2016 22:57:26,048 DEBUG Thread-0  wire:wire -  >> "POST /api/dc27b994292d83cda09a9695f7c719f5 HTTP/1.1[\r][\n]"
17 十月 2016 22:57:26,049 DEBUG Thread-0  wire:wire -  >> "Content-Length: 60[\r][\n]"
17 十月 2016 22:57:26,050 DEBUG Thread-0  wire:wire -  >> "Content-Type: application/x-www-form-urlencoded; charset=UTF-8[\r][\n]"
17 十月 2016 22:57:26,050 DEBUG Thread-0  wire:wire -  >> "Host: post.baibaoyun.com[\r][\n]"
17 十月 2016 22:57:26,050 DEBUG Thread-0  wire:wire -  >> "Connection: Keep-Alive[\r][\n]"
17 十月 2016 22:57:26,050 DEBUG Thread-0  wire:wire -  >> "User-Agent: Apache-HttpClient/4.5.2 (Java/1.7.0_71)[\r][\n]"
17 十月 2016 22:57:26,051 DEBUG Thread-0  wire:wire -  >> "[\r][\n]"
17 十月 2016 22:57:26,051 DEBUG Thread-0  headers:sendRequestHeader - >> POST /api/dc27b994292d83cda09a9695f7c719f5 HTTP/1.1
17 十月 2016 22:57:26,051 DEBUG Thread-0  headers:sendRequestHeader - >> Content-Length: 60
17 十月 2016 22:57:26,051 DEBUG Thread-0  headers:sendRequestHeader - >> Content-Type: application/x-www-form-urlencoded; charset=UTF-8
17 十月 2016 22:57:26,052 DEBUG Thread-0  headers:sendRequestHeader - >> Host: post.baibaoyun.com
17 十月 2016 22:57:26,052 DEBUG Thread-0  headers:sendRequestHeader - >> Connection: Keep-Alive
17 十月 2016 22:57:26,052 DEBUG Thread-0  headers:sendRequestHeader - >> User-Agent: Apache-HttpClient/4.5.2 (Java/1.7.0_71)
17 十月 2016 22:57:26,052 DEBUG Thread-0  wire:wire -  >> "method=queryAccount&regcode=55A11A31E81A96EDD3D9E350974FFBA5"
17 十月 2016 22:57:26,793 DEBUG Thread-0  wire:wire -  << "HTTP/1.1 200 OK[\r][\n]"
17 十月 2016 22:57:26,796 DEBUG Thread-0  wire:wire -  << "Date: Mon, 17 Oct 2016 14:57:22 GMT[\r][\n]"
17 十月 2016 22:57:26,796 DEBUG Thread-0  wire:wire -  << "Server: Apache/2.4.10 (Unix) PHP/5.6.3[\r][\n]"
17 十月 2016 22:57:26,797 DEBUG Thread-0  wire:wire -  << "X-Powered-By: PHP/5.6.3[\r][\n]"
17 十月 2016 22:57:26,797 DEBUG Thread-0  wire:wire -  << "Content-Length: 5851[\r][\n]"
17 十月 2016 22:57:26,797 DEBUG Thread-0  wire:wire -  << "Keep-Alive: timeout=5, max=100[\r][\n]"
17 十月 2016 22:57:26,798 DEBUG Thread-0  wire:wire -  << "Connection: Keep-Alive[\r][\n]"
17 十月 2016 22:57:26,798 DEBUG Thread-0  wire:wire -  << "Content-Type: text/html; charset=UTF-8[\r][\n]"
17 十月 2016 22:57:26,798 DEBUG Thread-0  wire:wire -  << "[\r][\n]"
17 十月 2016 22:57:26,799 DEBUG Thread-0  DefaultClientConnection:receiveResponseHeader - Receiving response: HTTP/1.1 200 OK
17 十月 2016 22:57:26,799 DEBUG Thread-0  headers:receiveResponseHeader - << HTTP/1.1 200 OK
17 十月 2016 22:57:26,800 DEBUG Thread-0  headers:receiveResponseHeader - << Date: Mon, 17 Oct 2016 14:57:22 GMT
17 十月 2016 22:57:26,800 DEBUG Thread-0  headers:receiveResponseHeader - << Server: Apache/2.4.10 (Unix) PHP/5.6.3
17 十月 2016 22:57:26,800 DEBUG Thread-0  headers:receiveResponseHeader - << X-Powered-By: PHP/5.6.3
17 十月 2016 22:57:26,800 DEBUG Thread-0  headers:receiveResponseHeader - << Content-Length: 5851
17 十月 2016 22:57:26,800 DEBUG Thread-0  headers:receiveResponseHeader - << Keep-Alive: timeout=5, max=100
17 十月 2016 22:57:26,801 DEBUG Thread-0  headers:receiveResponseHeader - << Connection: Keep-Alive
17 十月 2016 22:57:26,801 DEBUG Thread-0  headers:receiveResponseHeader - << Content-Type: text/html; charset=UTF-8
17 十月 2016 22:57:26,807 DEBUG Thread-0  DefaultHttpClient:execute - Connection can be kept alive for 5000 MILLISECONDS
17 十月 2016 22:57:26,822 DEBUG Thread-0  wire:wire -  << "{"VIP[0xe7][0x8a][0xb6][0xe6][0x80][0x81]":"[0xe6][0x9c][0xaa][0xe6][0xbf][0x80][0xe6][0xb4][0xbb]"~"VIP[0xe7][0xad][0x89][0xe7][0xba][0xa7]":"2"~"[0xe4][0xb8][0x96][0xe7][0x95][0x8c]":"1433"~"[0xe5][0x85][0xb5][0xe6][0x95][0xb0]":""~"[0xe5][0x9d][0x90][0xe6][0xa0][0x87]":""~"[0xe5][0x9f][0x8e][0xe5][0xa0][0xa1][0xe7][0xad][0x89][0xe7][0xba][0xa7]":""~"[0xe5][0x9f][0x8e][0xe9][0x98][0xb2]":0~"[0xe5][0xae][0x89][0xe5][0x85][0xa8][0xe6][0x9c][0xa8]":""~"[0xe5][0xae][0x89][0xe5][0x85][0xa8][0xe7][0xb2][0xae]":""~"[0xe5][0xae][0x89][0xe5][0x85][0xa8][0xe9][0x93][0x81]":""~"[0xe5][0xae][0x89][0xe5][0x85][0xa8][0xe9][0x93][0xb6]":""~"[0xe5][0xaf][0x86][0xe7][0xa0][0x81]":""~"[0xe5][0xb9][0xb3][0xe5][0x8f][0xb0]":"[0xe5][0xbe][0xae][0xe5][0x8d][0x9a][0xe6][0xb8][0xb8][0xe6][0x88][0x8f][0xe4][0xb8][0xad][0xe5][0xbf][0x83]"~"[0xe6][0x80][0xbb][0xe6][0x9c][0xa8]":"27.5K"~"[0xe6][0x80][0xbb][0xe7][0xb2][0xae]":"35.1K"~"[0xe6][0x80][0xbb][0xe9][0x93][0x81]":""~"[0xe6][0x80][0xbb][0xe9][0x93][0xb6]":""~"[0xe6][0x88][0x98][0xe5][0x8a][0x9b]":"1104"~"[0xe6][0x9c][0x89][0xe6][0x95][0x88][0xe9][0x98][0x9f][0xe5][0x88][0x97]":""~"[0xe6][0x9c][0xac][0xe5][0x9c][0xb0][0xe6][0x97][0xb6][0xe9][0x97][0xb4]":1476372389~"[0xe7][0x89][0x88][0xe6][0x9c][0xac]":"2.11.0"~"[0xe7][0xac][0xac]1[0xe9][0x98][0x9f]":""~"[0xe7][0xac][0xac]2[0xe9][0x98][0x9f]":""~"[0xe7][0xac][0xac]3[0xe9][0x98][0x9f]":""~"[0xe7][0xac][0xac]4[0xe9][0x98][0x9f]":""~"[0xe7][0xac][0xac]5[0xe9][0x98][0x9f]":""~"[0xe8][0xb4][0xa6][0xe5][0x8f][0xb7]":"zuosuohui299@163.com"~"[0xe9][0x87][0x91][0xe5][0xb8][0x81]":"110"~"[0xe9][0xa1][0xba][0xe5][0xba][0x8f]":2~"[0xe9][0xa2][0x86][0xe4][0xb8][0xbb][0xe5][0x90][0x8d]":"Empire0a0951433"~"[0xe9][0xa2][0x86][0xe4][0xb8][0xbb][0xe7][0xad][0x89][0xe7][0xba][0xa7]":"2"}&{"VIP[0xe7][0x8a][0xb6][0xe6][0x80][0x81]":"[0xe6][0xbf][0x80][0xe6][0xb4][0xbb]"~"VIP[0xe7][0xad][0x89][0xe7][0xba][0xa7]":"2~0"~"[0xe4][0xb8][0x96][0xe7][0x95][0x8c]":"979"~"[0xe5][0x85][0xb5][0xe6][0x95][0xb0]":""~"[0xe5][0x9d][0x90][0xe6][0xa0][0x87]":""~"[0xe5][0x9f][0x8e][0xe5][0xa0][0xa1][0xe7][0xad][0x89][0xe7][0xba][0xa7]":""~"[0xe5][0x9f][0x8e][0xe9][0x98][0xb2]":0~"[0xe5][0xae][0x89][0xe5][0x85][0xa8][0xe6][0x9c][0xa8]":""~"[0xe5][0xae][0x89][0xe5][0x85][0xa8][0xe7][0xb2][0xae]":""~"[0xe5][0xae][0x89][0xe5][0x85][0xa8][0xe9][0x93][0x81]":""~"[0xe5][0xae][0x89][0xe5][0x85][0xa8][0xe9][0x93][0xb6]":""~"[0xe5][0xaf][0x86][0xe7][0xa0][0x81]":""~"[0xe5][0xb9][0xb3][0xe5][0x8f][0xb0]":"[0xe5][0xbe][0xae][0xe5][0x8d][0x9a][0xe6][0xb8][0xb8][0xe6][0x88][0x8f][0xe4][0xb8][0xad][0xe5][0xbf][0x83]"~"[0xe6][0x80][0xbb][0xe6][0x9c][0xa8]":"19.5M"~"[0xe6][0x80][0xbb][0xe7][0xb2][0xae]":"36.7M"~"[0xe6][0x80][0xbb][0xe9][0x93][0x81]":"1.3M"~"[0xe6][0x80][0xbb][0xe9][0x93][0xb6]":"1.1M"~"[0xe6][0x88][0x98][0xe5][0x8a][0x9b]":"427036"~"[0xe6][0x9c][0x89][0xe6][0x95][0x88][0xe9][0x98][0x9f][0xe5][0x88][0x97]":""~"[0xe6][0x9c][0xac][0xe5][0x9c][0xb0][0xe6][0x97][0xb6][0xe9][0x97][0xb4]":1476373111~"[0xe7][0x89][0x88][0xe6][0x9c][0xac]":"2.11.0"~"[0xe7][0xac][0xac]1[0xe9][0x98][0x9f]":""~"[0xe7][0xac][0xac]2[0xe9][0x98][0x9f]":""~"[0xe7][0xac][0xac]3[0xe9][0x98][0x9f]":""~"[0xe7][0xac][0xac]4[0xe9][0x98][0x9f]":""~"[0xe7][0xac][0xac]5[0xe9][0x98][0x9f]":""~"[0xe8][0xb4][0xa6][0xe5][0x8f][0xb7]":"yxzy_0003@yeah.net"~"[0xe9][0x87][0x91][0xe5][0xb8][0x81]":"5~054"~"[0xe9][0xa1][0xba][0xe5][0xba][0x8f]":2~"[0xe9][0xa2][0x86][0xe4][0xb8][0xbb][0xe5][0x90][0x8d]":"[0xe5][0x81][0x9c][0xe5][0x81][0x9c][0xe8][0xb5][0xb0][0xe8][0xb5][0xb0][0xe5][0x81][0x9c][0xe5][0x81][0x9c]"~"[0xe9][0xa2][0x86][0xe4][0xb8][0xbb][0xe7][0xad][0x89][0xe7][0xba][0xa7]":"31"}&{"VIP[0xe7][0x8a][0xb6][0xe6][0x80][0x81]":"[0xe6][0xbf][0x80][0xe6][0xb4][0xbb]"~"VIP[0xe7][0xad][0x89][0xe7][0xba][0xa7]":"2~0"~"[0xe4][0xb8][0x96][0xe7][0x95][0x8c]":"979"~"[0xe5][0x85][0xb5][0xe6][0x95][0xb0]":""~"[0xe5][0x9d][0x90][0xe6][0xa0][0x87]":""~"[0xe5][0x9f][0x8e][0xe5][0xa0][0xa1][0xe7][0xad][0x89][0xe7][0xba][0xa7]":""~"[0xe5][0x9f][0x8e][0xe9][0x98][0xb2]":0~"[0xe5][0xae][0x89][0xe5][0x85][0xa8][0xe6][0x9c][0xa8]":""~"[0xe5][0xae][0x89][0xe5][0x85][0xa8][0xe7][0xb2][0xae]":""~"[0xe5][0xae][0x89][0xe5][0x85][0xa8][0xe9][0x93][0x81]":""~"[0xe5][0xae][0x89][0xe5][0x85][0xa8][0xe9][0x93][0xb6]":""~"[0xe5][0xaf][0x86][0xe7][0xa0][0x81]":""~"[0xe5][0xb9][0xb3][0xe5][0x8f][0xb0]":"[0xe5][0xbe][0xae][0xe5][0x8d][0x9a][0xe6][0xb8][0xb8][0xe6][0x88][0x8f][0xe4][0xb8][0xad][0xe5][0xbf][0x83]"~"[0xe6][0x80][0xbb][0xe6][0x9c][0xa8]":"42.7M"~"[0xe6][0x80][0xbb][0xe7][0xb2][0xae]":"20.2M"~"[0xe6][0x80][0xbb][0xe9][0x93][0x81]":"2.1M"~"[0xe6][0x80][0xbb][0xe9][0x93][0xb6]":"1.3M"~"[0xe6][0x88][0x98][0xe5][0x8a][0x9b]":"395889"~"[0xe6][0x9c][0x89][0xe6][0x95][0x88][0xe9][0x98][0x9f][0xe5][0x88][0x97]":""~"[0xe6][0x9c][0xac][0xe5][0x9c][0xb0][0xe6][0x97][0xb6][0xe9][0x97][0xb4]":1476373209~"[0xe7][0x89][0x88][0xe6][0x9c][0xac]":"2.11.0"~"[0xe7][0xac][0xac]1[0xe9][0x98][0x9f]":""~"[0xe7][0xac][0xac]2[0xe9][0x98][0x9f]":""~"[0xe7][0xac][0xac]3[0xe9][0x98][0x9f]":""~"[0xe7][0xac][0xac]4[0xe9][0x98][0x9f]":""~"[0xe7][0xac][0xac]5[0xe9][0x98][0x9f]":""~"[0xe8][0xb4][0xa6][0xe5][0x8f][0xb7]":"yxzy_0004@yeah.net"~"[0xe9][0x87][0x91][0xe5][0xb8][0x81]":"4~723"~"[0xe9][0xa1][0xba][0xe5][0xba][0x8f]":1~"[0xe9][0xa2][0x86][0xe4][0xb8][0xbb][0xe5][0x90][0x8d]":"[0xe4][0xb8][0x80][0xe4][0xb8][0xaa][0xe4][0xba][0xba][0xe6][0x97][0xb3][0xe7][0x8b][0x82][0xe6][0xac][0xa2]"~"[0xe9][0xa2][0x86][0xe4][0xb8][0xbb][0xe7][0xad][0x89][0xe7][0xba][0xa7]":"30"}&{"VIP[0xe7][0x8a][0xb6][0xe6][0x80][0x81]":"[0xe6][0x9c][0xaa][0xe6][0xbf][0x80][0xe6][0xb4][0xbb]"~"VIP[0xe7][0xad][0x89][0xe7][0xba][0xa7]":"8"~"[0xe4][0xb8][0x96][0xe7][0x95][0x8c]":"408"~"[0xe5][0x85][0xb5][0xe6][0x95][0xb0]":""~"[0xe5][0x9d][0x90][0xe6][0xa0][0x87]":""~"[0xe5][0x9f][0x8e][0xe5][0xa0][0xa1][0xe7][0xad][0x89][0xe7][0xba][0xa7]":""~"[0xe5][0x9f][0x8e][0xe9][0x98][0xb2]":"~8~900/8~900"~"[0xe5][0xae][0x89][0xe5][0x85][0xa8][0xe6][0x9c][0xa8]":""~"[0xe5][0xae][0x89][0xe5][0x85][0xa8][0xe7][0xb2][0xae]":""~"[0xe5][0xae][0x89][0xe5][0x85][0xa8][0xe9][0x93][0x81]":""~"[0xe5][0xae][0x89][0xe5][0x85][0xa8][0xe9][0x93][0xb6]":""~"[0xe5][0xaf][0x86][0xe7][0xa0][0x81]":""~"[0xe5][0xb9][0xb3][0xe5][0x8f][0xb0]":"[0xe7][0x99][0xbe][0xe5][0xba][0xa6]"~"[0xe6][0x80][0xbb][0xe6][0x9c][0xa8]":"6.6M"~"[0xe6][0x80][0xbb][0xe7][0xb2][0xae]":"1.4M"~"[0xe6][0x80][0xbb][0xe9][0x93][0x81]":"453.4K"~"[0xe6][0x80][0xbb][0xe9][0x93][0xb6]":""~"[0xe6][0x88][0x98][0xe5][0x8a][0x9b]":"64371"~"[0xe6][0x9c][0x89][0xe6][0x95][0x88][0xe9][0x98][0x9f][0xe5][0x88][0x97]":""~"[0xe6][0x9c][0xac][0xe5][0x9c][0xb0][0xe6][0x97][0xb6][0xe9][0x97][0xb4]":1476455432~"[0xe7][0x89][0x88][0xe6][0x9c][0xac]":"2.11.0"~"[0xe7][0xac][0xac]1[0xe9][0x98][0x9f]":""~"[0xe7][0xac][0xac]2[0xe9][0x98][0x9f]":""~"[0xe7][0xac][0xac]3[0xe9][0x98][0x9f]":""~"[0xe7][0xac][0xac]4[0xe9][0x98][0x9f]":""~"[0xe7][0xac][0xac]5[0xe9][0x98][0x9f]":""~"[0xe8][0xb4][0xa6][0xe5][0x8f][0xb7]":"[0xe9][0xbb][0x98][0xe8][0xae][0xa4][0xe8][0xb4][0xa6][0xe5][0x8f][0xb7]"~"[0xe9][0x87][0x91][0xe5][0xb8][0x81]":"959"~"[0xe9][0xa1][0xba][0xe5][0xba][0x8f]":1~"[0xe9][0xa2][0x86][0xe4][0xb8][0xbb][0xe5][0x90][0x8d]":"liuyang_baidu"~"[0xe9][0xa2][0x86][0xe4][0xb8][0xbb][0xe7][0xad][0x89][0xe7][0xba][0xa7]":"13"}&{"VIP[0xe7][0x8a][0xb6][0xe6][0x80][0x81]":"[0xe6][0x9c][0xaa][0xe6][0xbf][0x80][0xe6][0xb4][0xbb]"~"VIP[0xe7][0xad][0x89][0xe7][0xba][0xa7]":"9"~"[0xe4][0xb8][0x96][0xe7][0x95][0x8c]":"703"~"[0xe5][0x85][0xb5][0xe6][0x95][0xb0]":""~"[0xe5][0x9d][0x90][0xe6][0xa0][0x87]":""~"[0xe5][0x9f][0x8e][0xe5][0xa0][0xa1][0xe7][0xad][0x89][0xe7][0xba][0xa7]":16~"[0xe5][0x9f][0x8e][0xe9][0x98][0xb2]":"10~700/10~700"~"[0xe5][0xae][0x89][0xe5][0x85][0xa8][0xe6][0x9c][0xa8]":""~"[0xe5][0xae][0x89][0xe5][0x85][0xa8][0xe7][0xb2][0xae]":""~"[0xe5][0xae][0x89][0xe5][0x85][0xa8][0xe9][0x93][0x81]":""~"[0xe5][0xae][0x89][0xe5][0x85][0xa8][0xe9][0x93][0xb6]":""~"[0xe5][0xaf][0x86][0xe7][0xa0][0x81]":""~"[0xe5][0xb9][0xb3][0xe5][0x8f][0xb0]":"[0xe5][0xbe][0xae][0xe5][0x8d][0x9a]"~"[0xe6][0x80][0xbb][0xe6][0x9c][0xa8]":"6.4M"~"[0xe6][0x80][0xbb][0xe7][0xb2][0xae]":"5.6M"~"[0xe6][0x80][0xbb][0xe9][0x93][0x81]":"242.9K"~"[0xe6][0x80][0xbb][0xe9][0x93][0xb6]":"106.0K"~"[0xe6][0x88][0x98][0xe5][0x8a][0x9b]":"215572"~"[0xe6][0x9c][0x89][0xe6][0x95][0x88][0xe9][0x98][0x9f][0xe5][0x88][0x97]":""~"[0xe6][0x9c][0xac][0xe5][0x9c][0xb0][0xe6][0x97][0xb6][0xe9][0x97][0xb4]":1476596514~"[0xe7][0x89][0x88][0xe6][0x9c][0xac]":"2.13.1"~"[0xe7][0xac][0xac]1[0xe9][0x98][0x9f]":""~"[0xe7][0xac][0xac]2[0xe9][0x98][0x9f]":""~"[0xe7][0xac][0xac]3[0xe9][0x98][0x9f]":""~"[0xe7][0xac][0xac]4[0xe9][0x98][0x9f]":""~"[0xe7][0xac][0xac]5[0xe9][0x98][0x9f]":""~"[0xe8][0xb4][0xa6][0xe5][0x8f][0xb7]":"cok703_03@sina.com"~"[0xe9][0x87][0x91][0xe5][0xb8][0x81]":"23~548"~"[0xe9][0xa1][0xba][0xe5][0xba][0x8f]":5~"[0xe9][0xa2][0x86][0xe4][0xb8][0xbb][0xe5][0x90][0x8d]":"[0xe7][0xba][0xa2][0xe9][0x94][0x80][0xe9][0xa6][0x99][0xe6][0x96][0xad][0xe6][0x9c][0x89][0xe8][0xb0][0x81][0xe6][0x80][0x9c]"~"[0xe9][0xa2][0x86][0xe4][0xb8][0xbb][0xe7][0xad][0x89][0xe7][0xba][0xa7]":"26"}&{"VIP[0xe7][0x8a][0xb6][0xe6][0x80][0x81]":"[0xe6][0x9c][0xaa][0xe6][0xbf][0x80][0xe6][0xb4][0xbb]"~"VIP[0xe7][0xad][0x89][0xe7][0xba][0xa7]":"9"~"[0xe4][0xb8][0x96][0xe7][0x95][0x8c]":"703"~"[0xe5][0x85][0xb5][0xe6][0x95][0xb0]":""~"[0xe5][0x9d][0x90][0xe6][0xa0][0x87]":""~"[0xe5][0x9f][0x8e][0xe5][0xa0][0xa1][0xe7][0xad][0x89][0xe7][0xba][0xa7]":16~"[0xe5][0x9f][0x8e][0xe9][0x98][0xb2]":"10~700/10~700"~"[0xe5][0xae][0x89][0xe5][0x85][0xa8][0xe6][0x9c][0xa8]":""~"[0xe5][0xae][0x89][0xe5][0x85][0xa8][0xe7][0xb2][0xae]":""~"[0xe5][0xae][0x89][0xe5][0x85][0xa8][0xe9][0x93][0x81]":""~"[0xe5][0xae][0x89][0xe5][0x85][0xa8][0xe9][0x93][0xb6]":""~"[0xe5][0xaf][0x86][0xe7][0xa0][0x81]":""~"[0xe5][0xb9][0xb3][0xe5][0x8f][0xb0]":"[0xe5][0xbe][0xae][0xe5][0x8d][0x9a]"~"[0xe6][0x80][0xbb][0xe6][0x9c][0xa8]":"8.5M"~"[0xe6][0x80][0xbb][0xe7][0xb2][0xae]":"18.6M"~"[0xe6][0x80][0xbb][0xe9][0x93][0x81]":"223.2K"~"[0xe6][0x80][0xbb][0xe9][0x93][0xb6]":"81.9K"~"[0xe6][0x88][0x98][0xe5][0x8a][0x9b]":"218153"~"[0xe6][0x9c][0x89][0xe6][0x95][0x88][0xe9][0x98][0x9f][0xe5][0x88][0x97]":""~"[0xe6][0x9c][0xac][0xe5][0x9c][0xb0][0xe6][0x97][0xb6][0xe9][0x97][0xb4]":1476597007~"[0xe7][0x89][0x88][0xe6][0x9c][0xac]":"2.13.1"~"[0xe7][0xac][0xac]1[0xe9][0x98][0x9f]":""~"[0xe7][0xac][0xac]2[0xe9][0x98][0x9f]":""~"[0xe7][0xac][0xac]3[0xe9][0x98][0x9f]":""~"[0xe7][0xac][0xac]4[0xe9][0x98][0x9f]":""~"[0xe7][0xac][0xac]5[0xe9][0x98][0x9f]":""~"[0xe8][0xb4][0xa6][0xe5][0x8f][0xb7]":"cok703_04@sina.com"~"[0xe9][0x87][0x91][0xe5][0xb8][0x81]":"12~929"~"[0xe9][0xa1][0xba][0xe5][0xba][0x8f]":6~"[0xe9][0xa2][0x86][0xe4][0xb8][0xbb][0xe5][0x90][0x8d]":"[0xe9][0x9d][0x92][0xe7][0x9f][0xb3][0xe6][0x9d][0xbf][0xe4][0xb8][0x8a][0xe5][0xa4][0xa9][0xe9][0x9d][0x92][0xe9][0x9d][0x92]"~"[0xe9][0xa2][0x86][0xe4][0xb8][0xbb][0xe7][0xad][0x89][0xe7][0xba][0xa7]":"27"}&{"VIP[0xe7][0x8a][0xb6][0xe6][0x80][0x81]":"[0xe6][0x9c][0xaa][0xe6][0xbf][0x80][0xe6][0xb4][0xbb]"~"VIP[0xe7][0xad][0x89][0xe7][0xba][0xa7]":"8"~"[0xe4][0xb8][0x96][0xe7][0x95][0x8c]":"703"~"[0xe5][0x85][0xb5][0xe6][0x95][0xb0]":""~"[0xe5][0x9d][0x90][0xe6][0xa0][0x87]":""~"[0xe5][0x9f][0x8e][0xe5][0xa0][0xa1][0xe7][0xad][0x89][0xe7][0xba][0xa7]":16~"[0xe5][0x9f][0x8e][0xe9][0x98][0xb2]":"10~700/10~700"~"[0xe5][0xae][0x89][0xe5][0x85][0xa8][0xe6][0x9c][0xa8]":""~"[0xe5][0xae][0x89][0xe5][0x85][0xa8][0xe7][0xb2][0xae]":""~"[0xe5][0xae][0x89][0xe5][0x85][0xa8][0xe9][0x93][0x81]":""~"[0xe5][0xae][0x89][0xe5][0x85][0xa8][0xe9][0x93][0xb6]":""~"[0xe5][0xaf][0x86][0xe7][0xa0][0x81]":""~"[0xe5][0xb9][0xb3][0xe5][0x8f][0xb0]":"[0xe5][0xbe][0xae][0xe5][0x8d][0x9a]"~"[0xe6][0x80][0xbb][0xe6][0x9c][0xa8]":"6.1M"~"[0xe6][0x80][0xbb][0xe7][0xb2][0xae]":"7.4M"~"[0xe6][0x80][0xbb][0xe9][0x93][0x81]":"368.6K"~"[0xe6][0x80][0xbb][0xe9][0x93][0xb6]":"99.1K"~"[0xe6][0x88][0x98][0xe5][0x8a][0x9b]":"202059"~"[0xe6][0x9c][0x89][0xe6][0x95][0x88][0xe9][0x98][0x9f][0xe5][0x88][0x97]":""~"[0xe6][0x9c][0xac][0xe5][0x9c][0xb0][0xe6][0x97][0xb6][0xe9][0x97][0xb4]":1476598692~"[0xe7][0x89][0x88][0xe6][0x9c][0xac]":"2.13.1"~"[0xe7][0xac][0xac]1[0xe9][0x98][0x9f]":""~"[0xe7][0xac][0xac]2[0xe9][0x98][0x9f]":""~"[0xe7][0xac][0xac]3[0xe9][0x98][0x9f]":""~"[0xe7][0xac][0xac]4[0xe9][0x98][0x9f]":""~"[0xe7][0xac][0xac]5[0xe9][0x98][0x9f]":""~"[0xe8][0xb4][0xa6][0xe5][0x8f][0xb7]":"cok703_05@sina.com"~"[0xe9][0x87][0x91][0xe5][0xb8][0x81]":"18~377"~"[0xe9][0xa1][0xba][0xe5][0xba][0x8f]":1~"[0xe9][0xa2][0x86][0xe4][0xb8][0xbb][0xe5][0x90][0x8d]":"[0xe8][0xb6][0x85][0xe7][0xba][0xa7][0xe5][0xb7][0xb4][0xe5][0xa3][0xab][0xe5][0xb0][0x8f][0xe5][0x8f][0xb7]"~"[0xe9][0xa2][0x86][0xe4][0xb8][0xbb][0xe7][0xad][0x89][0xe7][0xba][0xa7]":"25"}&{"VIP[0xe7][0x8a][0xb6][0xe6][0x80][0x81]":"[0xe6][0x9c][0xaa][0xe6][0xbf][0x80][0xe6][0xb4][0xbb]"~"VIP[0xe7][0xad][0x89][0xe7][0xba][0xa7]":"9"~"[0xe4][0xb8][0x96][0xe7][0x95][0x8c]":"703"~"[0xe5][0x85][0xb5][0xe6][0x95][0xb0]":""~"[0xe5][0x9d][0x90][0xe6][0xa0][0x87]":""~"[0xe5][0x9f][0x8e][0xe5][0xa0][0xa1][0xe7][0xad][0x89][0xe7][0xba][0xa7]":16~"[0xe5][0x9f][0x8e][0xe9][0x98][0xb2]":"10~700/10~700"~"[0xe5][0xae][0x89][0xe5][0x85][0xa8][0xe6][0x9c][0xa8]":""~"[0xe5][0xae][0x89][0xe5][0x85][0xa8][0xe7][0xb2][0xae]":""~"[0xe5][0xae][0x89][0xe5][0x85][0xa8][0xe9][0x93][0x81]":""~"[0xe5][0xae][0x89][0xe5][0x85][0xa8][0xe9][0x93][0xb6]":""~"[0xe5][0xaf][0x86][0xe7][0xa0][0x81]":""~"[0xe5][0xb9][0xb3][0xe5][0x8f][0xb0]":"[0xe5][0xbe][0xae][0xe5][0x8d][0x9a]"~"[0xe6][0x80][0xbb][0xe6][0x9c][0xa8]":"9.6M"~"[0xe6][0x80][0xbb][0xe7][0xb2][0xae]":"8.0M"~"[0xe6][0x80][0xbb][0xe9][0x93][0x81]":"364.7K"~"[0xe6][0x80][0xbb][0xe9][0x93][0xb6]":"96.5K"~"[0xe6][0x88][0x98][0xe5][0x8a][0x9b]":"237096"~"[0xe6][0x9c][0x89][0xe6][0x95][0x88][0xe9][0x98][0x9f][0xe5][0x88][0x97]":""~"[0xe6][0x9c][0xac][0xe5][0x9c][0xb0][0xe6][0x97][0xb6][0xe9][0x97][0xb4]":1476598805~"[0xe7][0x89][0x88][0xe6][0x9c][0xac]":"2.13.1"~"[0xe7][0xac][0xac]1[0xe9][0x98][0x9f]":""~"[0xe7][0xac][0xac]2[0xe9][0x98][0x9f]":""~"[0xe7][0xac][0xac]3[0xe9][0x98][0x9f]":""~"[0xe7][0xac][0xac]4[0xe9][0x98][0x9f]":""~"[0xe7][0xac][0xac]5[0xe9][0x98][0x9f]":""~"[0xe8][0xb4][0xa6][0xe5][0x8f][0xb7]":"cok703_02@sina.com"~"[0xe9][0x87][0x91][0xe5][0xb8][0x81]":"10~971"~"[0xe9][0xa1][0xba][0xe5][0xba][0x8f]":4~"[0xe9][0xa2][0x86][0xe4][0xb8][0xbb][0xe5][0x90][0x8d]":"[0xe8][0x8a][0xb1][0xe8][0x90][0xbd][0xe8][0x8a][0xb1][0xe9][0xa3][0x9e][0xe8][0x8a][0xb1][0xe6][0xbb][0xa1][0xe5][0xa4][0xa9]"~"[0xe9][0xa2][0x86][0xe4][0xb8][0xbb][0xe7][0xad][0x89][0xe7][0xba][0xa7]":"27"}&{"VIP[0xe7][0x8a][0xb6][0xe6][0x80][0x81]":"[0xe6][0x9c][0xaa][0xe6][0xbf][0x80][0xe6][0xb4][0xbb]"~"VIP[0xe7][0xad][0x89][0xe7][0xba][0xa7]":"9"~"[0xe4][0xb8][0x96][0xe7][0x95][0x8c]":"703"~"[0xe5][0x85][0xb5][0xe6][0x95][0xb0]":""~"[0xe5][0x9d][0x90][0xe6][0xa0][0x87]":""~"[0xe5][0x9f][0x8e][0xe5][0xa0][0xa1][0xe7][0xad][0x89][0xe7][0xba][0xa7]":16~"[0xe5][0x9f][0x8e][0xe9][0x98][0xb2]":"10~700/10~700"~"[0xe5][0xae][0x89][0xe5][0x85][0xa8][0xe6][0x9c][0xa8]":""~"[0xe5][0xae][0x89][0xe5][0x85][0xa8][0xe7][0xb2][0xae]":""~"[0xe5][0xae][0x89][0xe5][0x85][0xa8][0xe9][0x93][0x81]":""~"[0xe5][0xae][0x89][0xe5][0x85][0xa8][0xe9][0x93][0xb6]":""~"[0xe5][0xaf][0x86][0xe7][0xa0][0x81]":""~"[0xe5][0xb9][0xb3][0xe5][0x8f][0xb0]":"[0xe5][0xbe][0xae][0xe5][0x8d][0x9a]"~"[0xe6][0x80][0xbb][0xe6][0x9c][0xa8]":"13.7M"~"[0xe6][0x80][0xbb][0xe7][0xb2][0xae]":"9.9M"~"[0xe6][0x80][0xbb][0xe9][0x93][0x81]":"265.5K"~"[0xe6][0x80][0xbb][0xe9][0x93][0xb6]":"97.2K"~"[0xe6][0x88][0x98][0xe5][0x8a][0x9b]":"177420"~"[0xe6][0x9c][0x89][0xe6][0x95][0x88][0xe9][0x98][0x9f][0xe5][0x88][0x97]":""~"[0xe6][0x9c][0xac][0xe5][0x9c][0xb0][0xe6][0x97][0xb6][0xe9][0x97][0xb4]":1476599571~"[0xe7][0x89][0x88][0xe6][0x9c][0xac]":"2.13.1"~"[0xe7][0xac][0xac]1[0xe9][0x98][0x9f]":""~"[0xe7][0xac][0xac]2[0xe9][0x98][0x9f]":""~"[0xe7][0xac][0xac]3[0xe9][0x98][0x9f]":""~"[0xe7][0xac][0xac]4[0xe9][0x98][0x9f]":""~"[0xe7][0xac][0xac]5[0xe9][0x98][0x9f]":""~"[0xe8][0xb4][0xa6][0xe5][0x8f][0xb7]":"cok703_01@sina.com"~"[0xe9][0x87][0x91][0xe5][0xb8][0x81]":"3~515"~"[0xe9][0xa1][0xba][0xe5][0xba][0x8f]":3~"[0xe9][0xa2][0x86][0xe4][0xb8][0xbb][0xe5][0x90][0x8d]":"[0xe9][0x92][0xb1][0xe5][0xa1][0x98][0xe8][0xa5][0xbf][0xe6][0xb3][0xa0][0xe6][0x9a][0xae]"~"[0xe9][0xa2][0x86][0xe4][0xb8][0xbb][0xe7][0xad][0x89][0xe7][0xba][0xa7]":"27"}&{"VIP[0xe7][0x8a][0xb6][0xe6][0x80][0x81]":"[0xe6][0x9c][0xaa][0xe6][0xbf][0x80][0xe6][0xb4][0xbb]"~"VIP[0xe7][0xad][0x89][0xe7][0xba][0xa7]":"9"~"[0xe4][0xb8][0x96][0xe7][0x95][0x8c]":"703"~"[0xe5][0x85][0xb5][0xe6][0x95][0xb0]":""~"[0xe5][0x9d][0x90][0xe6][0xa0][0x87]":""~"[0xe5][0x9f][0x8e][0xe5][0xa0][0xa1][0xe7][0xad][0x89][0xe7][0xba][0xa7]":26~"[0xe5][0x9f][0x8e][0xe9][0x98][0xb2]":"13~960/13~960"~"[0xe5][0xae][0x89][0xe5][0x85][0xa8][0xe6][0x9c][0xa8]":""~"[0xe5][0xae][0x89][0xe5][0x85][0xa8][0xe7][0xb2][0xae]":""~"[0xe5][0xae][0x89][0xe5][0x85][0xa8][0xe9][0x93][0x81]":""~"[0xe5][0xae][0x89][0xe5][0x85][0xa8][0xe9][0x93][0xb6]":""~"[0xe5][0xaf][0x86][0xe7][0xa0][0x81]":""~"[0xe5][0xb9][0xb3][0xe5][0x8f][0xb0]":"[0xe5][0xbe][0xae][0xe5][0x8d][0x9a]"~"[0xe6][0x80][0xbb][0xe6][0x9c][0xa8]":"637.8K"~"[0xe6][0x80][0xbb][0xe7][0xb2][0xae]":"50.9M"~"[0xe6][0x80][0xbb][0xe9][0x93][0x81]":"1.2M"~"[0xe6][0x80][0xbb][0xe9][0x93][0xb6]":"57.9K"~"[0xe6][0x88][0x98][0xe5][0x8a][0x9b]":"1860177"~"[0xe6][0x9c][0x89][0xe6][0x95][0x88][0xe9][0x98][0x9f][0xe5][0x88][0x97]":""~"[0xe6][0x9c][0xac][0xe5][0x9c][0xb0][0xe6][0x97][0xb6][0xe9][0x97][0xb4]":1476599787~"[0xe7][0x89][0x88][0xe6][0x9c][0xac]":"2.13.1"~"[0xe7][0xac][0xac]1[0xe9][0x98][0x9f]":""~"[0xe7][0xac][0xac]2[0xe9][0x98][0x9f]":""~"[0xe7][0xac][0xac]3[0xe9][0x98][0x9f]":""~"[0xe7][0xac][0xac]4[0xe9][0x98][0x9f]":""~"[0xe7][0xac][0xac]5[0xe9][0x98][0x9f]":""~"[0xe8][0xb4][0xa6][0xe5][0x8f][0xb7]":"cok703_dh@sina.com"~"[0xe9][0x87][0x91][0xe5][0xb8][0x81]":"63~983"~"[0xe9][0xa1][0xba][0xe5][0xba][0x8f]":2~"[0xe9][0xa2][0x86][0xe4][0xb8][0xbb][0xe5][0x90][0x8d]":"[0xe8][0xb6][0x85][0xe7][0xba][0xa7][0xe5][0xb7][0xb4][0xe5][0xa3][0xab][0xe7][0x9a][0x84][0xe6][0x97][0xb6][0xe9][0x97][0xb4][0xe7][0xba][0xbf]"~"[0xe9][0xa2][0x86][0xe4][0xb8][0xbb][0xe7][0xad][0x89][0xe7][0xba][0xa7]":"35"}&{"VIP[0xe7][0x8a][0xb6][0xe6][0x80][0x81]":"[0xe6][0x9c][0xaa][0xe6][0xbf][0x80][0xe6][0xb4][0xbb]"~"VIP[0xe7][0xad][0x89][0xe7][0xba][0xa7]":"8"~"[0xe4][0xb8][0x96][0xe7][0x95][0x8c]":"408"~"[0xe5][0x85][0xb5][0xe6][0x95][0xb0]":""~"[0xe5][0x9d][0x90][0xe6][0xa0][0x87]":""~"[0xe5][0x9f][0x8e][0xe5][0xa0][0xa1][0xe7][0xad][0x89][0xe7][0xba][0xa7]":15~"[0xe5][0x9f][0x8e][0xe9][0x98][0xb2]":0~"[0xe5][0xae][0x89][0xe5][0x85][0xa8][0xe6][0x9c][0xa8]":""~"[0xe5][0xae][0x89][0xe5][0x85][0xa8][0xe7][0xb2][0xae]":""~"[0xe5][0xae][0x89][0xe5][0x85][0xa8][0xe9][0x93][0x81]":""~"[0xe5][0xae][0x89][0xe5][0x85][0xa8][0xe9][0x93][0xb6]":""~"[0xe5][0xaf][0x86][0xe7][0xa0][0x81]":""~"[0xe5][0xb9][0xb3][0xe5][0x8f][0xb0]":"[0xe4][0xb9][0x9d][0xe6][0xb8][0xb8]"~"[0xe6][0x80][0xbb][0xe6][0x9c][0xa8]":"4.3M"~"[0xe6][0x80][0xbb][0xe7][0xb2][0xae]":"10.0M"~"[0xe6][0x80][0xbb][0xe9][0x93][0x81]":"2.2M"~"[0xe6][0x80][0xbb][0xe9][0x93][0xb6]":"221.1K"~"[0xe6][0x88][0x98][0xe5][0x8a][0x9b]":"193824"~"[0xe6][0x9c][0x89][0xe6][0x95][0x88][0xe9][0x98][0x9f][0xe5][0x88][0x97]":""~"[0xe6][0x9c][0xac][0xe5][0x9c][0xb0][0xe6][0x97][0xb6][0xe9][0x97][0xb4]":1476617020~"[0xe7][0x89][0x88][0xe6][0x9c][0xac]":"2.11.0"~"[0xe7][0xac][0xac]1[0xe9][0x98][0x9f]":""~"[0xe7][0xac][0xac]2[0xe9][0x98][0x9f]":""~"[0xe7][0xac][0xac]3[0xe9][0x98][0x9f]":""~"[0xe7][0xac][0xac]4[0xe9][0x98][0x9f]":""~"[0xe7][0xac][0xac]5[0xe9][0x98][0x9f]":""~"[0xe8][0xb4][0xa6][0xe5][0x8f][0xb7]":"707063605"~"[0xe9][0x87][0x91][0xe5][0xb8][0x81]":"84"~"[0xe9][0xa1][0xba][0xe5][0xba][0x8f]":2~"[0xe9][0xa2][0x86][0xe4][0xb8][0xbb][0xe5][0x90][0x8d]":"liuyang_uc"~"[0xe9][0xa2][0x86][0xe4][0xb8][0xbb][0xe7][0xad][0x89][0xe7][0xba][0xa7]":"16"}&"
17 十月 2016 22:57:26,823 DEBUG Thread-0  BasicClientConnectionManager:releaseConnection - Releasing connection org.apache.http.impl.conn.ManagedClientConnectionImpl@866f20
17 十月 2016 22:57:26,823 DEBUG Thread-0  BasicClientConnectionManager:releaseConnection - Connection can be kept alive for 5000 MILLISECONDS
